SF:lib\Core\errors\failures\failures.dart
DA:5,0
DA:6,0
DA:7,0
DA:8,0
DA:13,0
DA:18,0
LF:6
LH:0
end_of_record
SF:lib\Features\number_trivia\data\models\number_trivia_model.dart
DA:4,0
DA:10,0
DA:11,0
DA:12,0
DA:13,0
DA:14,0
DA:15,0
DA:18,0
DA:19,0
DA:20,0
DA:21,0
DA:22,0
DA:23,0
LF:13
LH:0
end_of_record
SF:lib\Features\number_trivia\domain\entities\number_trivia_entity.dart
DA:9,0
DA:11,0
DA:12,0
DA:13,0
DA:14,0
DA:15,0
LF:6
LH:0
end_of_record
SF:lib\Core\errors\failures\exceptions.dart
DA:5,0
DA:12,0
LF:2
LH:0
end_of_record
SF:lib\Features\number_trivia\data\repository_impl\repository_impl.dart
DA:15,0
DA:21,0
DA:23,0
DA:25,0
DA:26,0
DA:27,0
DA:28,0
DA:29,0
DA:30,0
DA:34,0
DA:37,0
DA:39,0
DA:42,0
DA:45,0
DA:47,0
DA:50,0
DA:52,0
DA:54,0
DA:57,0
DA:59,0
DA:61,0
DA:64,0
DA:66,0
DA:68,0
LF:24
LH:0
end_of_record
